2023-09-27 18:02:03,709 [INFO] Activator:176 - 


2023-09-27 18:02:03,714 [INFO] Activator:177 - !SESSION log4j initialized
2023-09-27 18:02:14,493 [INFO] LogOutputStream:77 - [STDOUT_REDIRECT] 
2023-09-27 18:02:24,318 [INFO] ApplicationProperties:184 - Using Application install path: C:\ST\STM32CubeIDE_1.10.1\STM32CubeIDE\plugins\com.st.stm32cube.common.mx_6.9.0.202307051724
2023-09-27 18:02:24,355 [INFO] DbMcusXml:78 - Set database path to: C:\ST\STM32CubeIDE_1.10.1\STM32CubeIDE\plugins\com.st.stm32cube.common.mx_6.9.0.202307051724\\db\/mcu/
2023-09-27 18:02:24,358 [INFO] ApiDb:274 - Set plugin database path to: C:\ST\STM32CubeIDE_1.10.1\STM32CubeIDE\plugins\com.st.stm32cube.common.mx_6.9.0.202307051724\\db\/plugins/boardmanager/
2023-09-27 18:02:24,359 [WARN] ApiDb:259 - Overriding images path with different value:  => C:\ST\STM32CubeIDE_1.10.1\STM32CubeIDE\plugins\com.st.stm32cube.common.mx_6.9.0.202307051724\\db\/plugins/mcufinder/images/
2023-09-27 18:02:24,383 [INFO] ApiDb:250 - Set database path to: C:\Users\USER\.stmcufinder\plugins\mcufinder//mcu/
2023-09-27 18:02:24,386 [INFO] DbMcusAds:125 - Set database path to: C:\Users\USER\.stmcufinder\plugins\mcufinder//mcu/
2023-09-27 18:02:24,397 [INFO] CrossReferenceDbSqlite:203 - Set database path to: C:\Users\USER\.stmcufinder\plugins\mcufinder//mcu/cs/
2023-09-27 18:02:24,659 [INFO] RulesReader:64 - Compatibility file has been processed (293 Rules)
2023-09-27 18:02:24,835 [INFO] DbMcusXml:78 - Set database path to: C:\ST\STM32CubeIDE_1.10.1\STM32CubeIDE\plugins\com.st.stm32cube.common.mx_6.9.0.202307051724\\db\/mcu/
2023-09-27 18:02:24,835 [INFO] ApiDb:274 - Set plugin database path to: C:\ST\STM32CubeIDE_1.10.1\STM32CubeIDE\plugins\com.st.stm32cube.common.mx_6.9.0.202307051724\\db\/plugins/boardmanager/
2023-09-27 18:02:24,835 [INFO] ApiDb:261 - Set plugin images path to: C:\ST\STM32CubeIDE_1.10.1\STM32CubeIDE\plugins\com.st.stm32cube.common.mx_6.9.0.202307051724\\db\/plugins/mcufinder/images/
2023-09-27 18:02:24,836 [WARN] DbFile:41 - Overriding database path with different value: C:\Users\USER\.stmcufinder\plugins\mcufinder/ => C:\Users\USER\.stmcufinder\plugins\mcufinder
2023-09-27 18:02:24,836 [INFO] ApiDb:250 - Set database path to: C:\Users\USER\.stmcufinder\plugins\mcufinder//mcu/
2023-09-27 18:02:24,837 [WARN] DbFile:41 - Overriding database path with different value: C:\Users\USER\.stmcufinder\plugins\mcufinder/ => C:\Users\USER\.stmcufinder\plugins\mcufinder
2023-09-27 18:02:24,837 [INFO] DbMcusAds:125 - Set database path to: C:\Users\USER\.stmcufinder\plugins\mcufinder//mcu/
2023-09-27 18:02:24,837 [WARN] DbFile:41 - Overriding database path with different value: C:\Users\USER\.stmcufinder\plugins\mcufinder/ => C:\Users\USER\.stmcufinder\plugins\mcufinder
2023-09-27 18:02:24,837 [WARN] DbFile:41 - Overriding database path with different value: C:\Users\USER\.stmcufinder\plugins\mcufinder/ => C:\Users\USER\.stmcufinder\plugins\mcufinder
2023-09-27 18:02:24,837 [INFO] CrossReferenceDbSqlite:203 - Set database path to: C:\Users\USER\.stmcufinder\plugins\mcufinder//mcu/cs/
2023-09-27 18:02:25,047 [INFO] MainPanel:262 - HeapMemory: 359661568
2023-09-27 18:02:25,331 [INFO] DbMcusXml:78 - Set database path to: C:\ST\STM32CubeIDE_1.10.1\STM32CubeIDE\plugins\com.st.stm32cube.common.mx_6.9.0.202307051724\\db\/mcu/
2023-09-27 18:02:25,331 [INFO] ApiDb:274 - Set plugin database path to: C:\ST\STM32CubeIDE_1.10.1\STM32CubeIDE\plugins\com.st.stm32cube.common.mx_6.9.0.202307051724\\db\/plugins/boardmanager/
2023-09-27 18:02:25,332 [INFO] ApiDb:261 - Set plugin images path to: C:\ST\STM32CubeIDE_1.10.1\STM32CubeIDE\plugins\com.st.stm32cube.common.mx_6.9.0.202307051724\\db\/plugins/mcufinder/images/
2023-09-27 18:02:25,333 [WARN] DbFile:41 - Overriding database path with different value: C:\Users\USER\.stmcufinder\plugins\mcufinder/ => C:\Users\USER\.stmcufinder\plugins\mcufinder
2023-09-27 18:02:25,333 [INFO] ApiDb:250 - Set database path to: C:\Users\USER\.stmcufinder\plugins\mcufinder//mcu/
2023-09-27 18:02:25,334 [WARN] DbFile:41 - Overriding database path with different value: C:\Users\USER\.stmcufinder\plugins\mcufinder/ => C:\Users\USER\.stmcufinder\plugins\mcufinder
2023-09-27 18:02:25,334 [INFO] DbMcusAds:125 - Set database path to: C:\Users\USER\.stmcufinder\plugins\mcufinder//mcu/
2023-09-27 18:02:25,334 [WARN] DbFile:41 - Overriding database path with different value: C:\Users\USER\.stmcufinder\plugins\mcufinder/ => C:\Users\USER\.stmcufinder\plugins\mcufinder
2023-09-27 18:02:25,335 [WARN] DbFile:41 - Overriding database path with different value: C:\Users\USER\.stmcufinder\plugins\mcufinder/ => C:\Users\USER\.stmcufinder\plugins\mcufinder
2023-09-27 18:02:25,352 [INFO] CrossReferenceDbSqlite:203 - Set database path to: C:\Users\USER\.stmcufinder\plugins\mcufinder//mcu/cs/
2023-09-27 18:02:25,405 [INFO] ApplicationProperties:184 - Using Application install path: C:\ST\STM32CubeIDE_1.10.1\STM32CubeIDE\plugins\com.st.stm32cube.common.mx_6.9.0.202307051724
2023-09-27 18:02:25,409 [INFO] PluginManage:196 - Search for loadable plugins [exclusion list=, ]
2023-09-27 18:02:25,412 [INFO] PluginManage:310 - Check plugin analytics
2023-09-27 18:02:30,350 [INFO] AnalyticsPlugin:253 - Accepted Software Licenses: 
2023-09-27 18:02:30,351 [INFO] AnalyticsPlugin:255 - Accepted CMSIS Pack Licenses: 
2023-09-27 18:02:30,352 [INFO] AnalyticsPlugin:257 - Accepted Firmware Licenses: FW.F4.1.27.0
2023-09-27 18:02:30,358 [INFO] PluginManage:359 - Loaded plugin analytics (category:tool,tabindex:-1)
2023-09-27 18:02:30,360 [INFO] PluginManage:310 - Check plugin cadmodel
2023-09-27 18:02:30,367 [INFO] CADModel:105 - Init CAD model plugin
2023-09-27 18:02:30,368 [INFO] PluginManage:359 - Loaded plugin cadmodel (category:power,tabindex:5)
2023-09-27 18:02:30,368 [INFO] PluginManage:310 - Check plugin clock
2023-09-27 18:02:30,386 [INFO] PluginManage:359 - Loaded plugin clock (category:base,tabindex:2)
2023-09-27 18:02:30,386 [INFO] PluginManage:310 - Check plugin ddr
2023-09-27 18:02:30,393 [INFO] PluginManage:359 - Loaded plugin ddr (category:tool,tabindex:6)
2023-09-27 18:02:30,393 [INFO] PluginManage:310 - Check plugin filemanager
2023-09-27 18:02:30,616 [INFO] PluginManage:359 - Loaded plugin filemanager (category:base,tabindex:10)
2023-09-27 18:02:30,616 [INFO] PluginManage:310 - Check plugin ipmanager
2023-09-27 18:02:30,632 [INFO] PluginManage:359 - Loaded plugin ipmanager (category:base,tabindex:5)
2023-09-27 18:02:30,633 [INFO] PluginManage:310 - Check plugin lpbam
2023-09-27 18:02:30,647 [INFO] PluginManage:359 - Loaded plugin lpbam (category:base,tabindex:0)
2023-09-27 18:02:30,647 [INFO] PluginManage:310 - Check plugin memorymap
2023-09-27 18:02:30,676 [INFO] PluginManage:359 - Loaded plugin memorymap (category:base,tabindex:4)
2023-09-27 18:02:30,677 [INFO] PluginManage:310 - Check plugin pinoutandconfiguration
2023-09-27 18:02:30,697 [INFO] PluginManage:359 - Loaded plugin pinoutandconfiguration (category:base,tabindex:1)
2023-09-27 18:02:30,697 [INFO] PluginManage:310 - Check plugin pinoutconfig
2023-09-27 18:02:30,921 [WARN] SupportedApi:132 - Cannot load RTOS API schema: s4s-elt-must-match.1: The content of 'definitions' must match (annotation?, (simpleType | complexType)?, (unique | key | keyref)*)). A problem was found starting at: attribute.
2023-09-27 18:02:31,267 [INFO] PluginManage:359 - Loaded plugin pinoutconfig (category:base,tabindex:0)
2023-09-27 18:02:31,267 [INFO] PluginManage:310 - Check plugin power
2023-09-27 18:02:31,297 [INFO] PluginManage:359 - Loaded plugin power (category:power,tabindex:4)
2023-09-27 18:02:31,297 [INFO] PluginManage:310 - Check plugin projectmanager
2023-09-27 18:02:31,340 [INFO] PluginManage:359 - Loaded plugin projectmanager (category:projectmanager,tabindex:3)
2023-09-27 18:02:31,340 [INFO] PluginManage:310 - Check plugin thirdparty
2023-09-27 18:02:31,714 [INFO] PluginManage:359 - Loaded plugin thirdparty (category:base,tabindex:-1)
2023-09-27 18:02:31,714 [WARN] IntegrityCheckThread:84 - waiting for thirdparty lock release [integrity check]
2023-09-27 18:02:31,715 [INFO] IntegrityCheckThread:86 - entering critical section [integrity check]
2023-09-27 18:02:31,715 [INFO] PluginManage:310 - Check plugin tools
2023-09-27 18:02:31,716 [INFO] ThirdPartyUpdaterWithRetryManager:70 - Updater plugin not ready yet. [1/15]
2023-09-27 18:02:31,719 [INFO] PluginManage:359 - Loaded plugin tools (category:base,tabindex:7)
2023-09-27 18:02:31,719 [INFO] PluginManage:310 - Check plugin tutovideos
2023-09-27 18:02:32,347 [INFO] PluginManage:359 - Loaded plugin tutovideos (category:base,tabindex:-1)
2023-09-27 18:02:32,347 [INFO] PluginManage:310 - Check plugin updater
2023-09-27 18:02:32,371 [INFO] PluginManage:359 - Loaded plugin updater (category:base,tabindex:12)
2023-09-27 18:02:32,372 [INFO] PluginManage:310 - Check plugin userauth
2023-09-27 18:02:32,377 [INFO] UserAuth:113 - Init User Auth plugin
2023-09-27 18:02:32,378 [INFO] PluginManage:359 - Loaded plugin userauth (category:base,tabindex:14)
2023-09-27 18:02:32,379 [INFO] PluginManage:283 - PluginManage : Loaded plugins [17]
2023-09-27 18:02:33,065 [INFO] PinOutPanel:1499 - setPackage(No Configuration,No Configuration)
2023-09-27 18:02:33,365 [INFO] CADModel:165 - CPN selected for project level
2023-09-27 18:02:33,366 [INFO] CADModel:114 - Register for checkConnection events
2023-09-27 18:02:33,380 [INFO] IPUIPlugin:80 - create IPUIPlugin
2023-09-27 18:02:33,381 [INFO] PluginManager:220 - loadIPPluginJar : add adc
2023-09-27 18:02:33,385 [INFO] IPUIPlugin:80 - create IPUIPlugin
2023-09-27 18:02:33,385 [INFO] PluginManager:220 - loadIPPluginJar : add aes
2023-09-27 18:02:33,390 [INFO] IPUIPlugin:80 - create IPUIPlugin
2023-09-27 18:02:33,390 [INFO] PluginManager:220 - loadIPPluginJar : add can
2023-09-27 18:02:33,394 [INFO] IPUIPlugin:80 - create IPUIPlugin
2023-09-27 18:02:33,394 [INFO] PluginManager:220 - loadIPPluginJar : add comp
2023-09-27 18:02:33,398 [INFO] IPUIPlugin:80 - create IPUIPlugin
2023-09-27 18:02:33,399 [INFO] PluginManager:220 - loadIPPluginJar : add cryp
2023-09-27 18:02:33,402 [INFO] IPUIPlugin:80 - create IPUIPlugin
2023-09-27 18:02:33,402 [INFO] PluginManager:220 - loadIPPluginJar : add dfsdm
2023-09-27 18:02:33,407 [INFO] IPUIPlugin:80 - create IPUIPlugin
2023-09-27 18:02:33,409 [INFO] PluginManager:220 - loadIPPluginJar : add dma
2023-09-27 18:02:33,414 [INFO] IPUIPlugin:80 - create IPUIPlugin
2023-09-27 18:02:33,415 [INFO] PluginManager:220 - loadIPPluginJar : add dma3
2023-09-27 18:02:33,425 [INFO] IPUIPlugin:80 - create IPUIPlugin
2023-09-27 18:02:33,425 [INFO] PluginManager:220 - loadIPPluginJar : add fatfs
2023-09-27 18:02:33,431 [INFO] IPUIPlugin:80 - create IPUIPlugin
2023-09-27 18:02:33,432 [INFO] PluginManager:220 - loadIPPluginJar : add fmc
2023-09-27 18:02:33,439 [INFO] IPUIPlugin:80 - create IPUIPlugin
2023-09-27 18:02:33,439 [INFO] PluginManager:220 - loadIPPluginJar : add freertos
2023-09-27 18:02:33,443 [INFO] IPUIPlugin:80 - create IPUIPlugin
2023-09-27 18:02:33,443 [INFO] PluginManager:220 - loadIPPluginJar : add genericplugin
2023-09-27 18:02:33,446 [INFO] IPUIPlugin:80 - create IPUIPlugin
2023-09-27 18:02:33,447 [INFO] PluginManager:220 - loadIPPluginJar : add gfxmmu
2023-09-27 18:02:33,450 [INFO] IPUIPlugin:80 - create IPUIPlugin
2023-09-27 18:02:33,451 [INFO] PluginManager:220 - loadIPPluginJar : add gic
2023-09-27 18:02:33,456 [INFO] IPUIPlugin:80 - create IPUIPlugin
2023-09-27 18:02:33,457 [INFO] PluginManager:220 - loadIPPluginJar : add gpio
2023-09-27 18:02:33,461 [INFO] IPUIPlugin:80 - create IPUIPlugin
2023-09-27 18:02:33,461 [INFO] PluginManager:220 - loadIPPluginJar : add gtzc
2023-09-27 18:02:33,468 [INFO] IPUIPlugin:80 - create IPUIPlugin
2023-09-27 18:02:33,468 [INFO] PluginManager:220 - loadIPPluginJar : add hash
2023-09-27 18:02:33,472 [INFO] IPUIPlugin:80 - create IPUIPlugin
2023-09-27 18:02:33,472 [INFO] PluginManager:220 - loadIPPluginJar : add i2c
2023-09-27 18:02:33,476 [INFO] IPUIPlugin:80 - create IPUIPlugin
2023-09-27 18:02:33,476 [INFO] PluginManager:220 - loadIPPluginJar : add i2s
2023-09-27 18:02:33,479 [INFO] IPUIPlugin:80 - create IPUIPlugin
2023-09-27 18:02:33,480 [INFO] PluginManager:220 - loadIPPluginJar : add i3c
2023-09-27 18:02:33,485 [INFO] IPUIPlugin:80 - create IPUIPlugin
2023-09-27 18:02:33,486 [INFO] PluginManager:220 - loadIPPluginJar : add ipddr
2023-09-27 18:02:33,489 [INFO] IPUIPlugin:80 - create IPUIPlugin
2023-09-27 18:02:33,490 [INFO] PluginManager:220 - loadIPPluginJar : add linkedlist
2023-09-27 18:02:33,495 [INFO] IPUIPlugin:80 - create IPUIPlugin
2023-09-27 18:02:33,495 [INFO] PluginManager:220 - loadIPPluginJar : add lorawan
2023-09-27 18:02:33,498 [INFO] IPUIPlugin:80 - create IPUIPlugin
2023-09-27 18:02:33,499 [INFO] PluginManager:220 - loadIPPluginJar : add ltdc
2023-09-27 18:02:33,504 [INFO] IPUIPlugin:80 - create IPUIPlugin
2023-09-27 18:02:33,504 [INFO] PluginManager:220 - loadIPPluginJar : add mdma
2023-09-27 18:02:33,509 [INFO] IPUIPlugin:80 - create IPUIPlugin
2023-09-27 18:02:33,509 [INFO] PluginManager:220 - loadIPPluginJar : add nvic
2023-09-27 18:02:33,513 [INFO] IPUIPlugin:80 - create IPUIPlugin
2023-09-27 18:02:33,513 [INFO] PluginManager:220 - loadIPPluginJar : add opamp
2023-09-27 18:02:33,518 [INFO] IPUIPlugin:80 - create IPUIPlugin
2023-09-27 18:02:33,519 [INFO] PluginManager:220 - loadIPPluginJar : add openamp
2023-09-27 18:02:33,537 [INFO] IPUIPlugin:80 - create IPUIPlugin
2023-09-27 18:02:33,537 [INFO] PluginManager:220 - loadIPPluginJar : add pdm2pcm
2023-09-27 18:02:33,543 [INFO] IPUIPlugin:80 - create IPUIPlugin
2023-09-27 18:02:33,569 [INFO] PluginManager:220 - loadIPPluginJar : add plateformsettings
2023-09-27 18:02:33,571 [INFO] IPUIPlugin:80 - create IPUIPlugin
2023-09-27 18:02:33,571 [INFO] PluginManager:220 - loadIPPluginJar : add quadspi
2023-09-27 18:02:33,575 [INFO] IPUIPlugin:80 - create IPUIPlugin
2023-09-27 18:02:33,576 [INFO] PluginManager:220 - loadIPPluginJar : add resmgrutility
2023-09-27 18:02:33,580 [INFO] IPUIPlugin:80 - create IPUIPlugin
2023-09-27 18:02:33,580 [INFO] PluginManager:220 - loadIPPluginJar : add sai
2023-09-27 18:02:33,583 [INFO] IPUIPlugin:80 - create IPUIPlugin
2023-09-27 18:02:33,584 [INFO] PluginManager:220 - loadIPPluginJar : add spi
2023-09-27 18:02:33,594 [INFO] IPUIPlugin:80 - create IPUIPlugin
2023-09-27 18:02:33,594 [INFO] PluginManager:220 - loadIPPluginJar : add stm32_wpan
2023-09-27 18:02:33,598 [INFO] IPUIPlugin:80 - create IPUIPlugin
2023-09-27 18:02:33,599 [INFO] PluginManager:220 - loadIPPluginJar : add tim
2023-09-27 18:02:33,603 [INFO] IPUIPlugin:80 - create IPUIPlugin
2023-09-27 18:02:33,603 [INFO] PluginManager:220 - loadIPPluginJar : add touchsensing
2023-09-27 18:02:33,607 [INFO] IPUIPlugin:80 - create IPUIPlugin
2023-09-27 18:02:33,608 [INFO] PluginManager:220 - loadIPPluginJar : add tracer_emb
2023-09-27 18:02:33,611 [INFO] IPUIPlugin:80 - create IPUIPlugin
2023-09-27 18:02:33,611 [INFO] PluginManager:220 - loadIPPluginJar : add ts
2023-09-27 18:02:33,615 [INFO] IPUIPlugin:80 - create IPUIPlugin
2023-09-27 18:02:33,615 [INFO] PluginManager:220 - loadIPPluginJar : add tsc
2023-09-27 18:02:33,619 [INFO] IPUIPlugin:80 - create IPUIPlugin
2023-09-27 18:02:33,619 [INFO] PluginManager:220 - loadIPPluginJar : add ucpd
2023-09-27 18:02:33,623 [INFO] IPUIPlugin:80 - create IPUIPlugin
2023-09-27 18:02:33,624 [INFO] PluginManager:220 - loadIPPluginJar : add usart
2023-09-27 18:02:33,627 [INFO] IPUIPlugin:80 - create IPUIPlugin
2023-09-27 18:02:33,627 [INFO] PluginManager:220 - loadIPPluginJar : add usbx
2023-09-27 18:02:33,853 [INFO] CADModel:165 - CPN selected for project level
2023-09-27 18:02:33,853 [INFO] CADModel:114 - Register for checkConnection events
2023-09-27 18:02:33,854 [FATAL] Updater:308 - Updater called before beeing initialized
2023-09-27 18:02:33,854 [ERROR] CADModel:125 - Updater not yet initialized, retry later 
2023-09-27 18:02:34,157 [INFO] CADModel:165 - CPN selected for project level
2023-09-27 18:02:34,158 [INFO] CADModel:114 - Register for checkConnection events
2023-09-27 18:02:34,158 [FATAL] Updater:308 - Updater called before beeing initialized
2023-09-27 18:02:34,158 [ERROR] CADModel:125 - Updater not yet initialized, retry later 
2023-09-27 18:02:34,164 [FATAL] Updater:308 - Updater called before beeing initialized
2023-09-27 18:02:34,450 [FATAL] Updater:308 - Updater called before beeing initialized
2023-09-27 18:02:34,463 [INFO] DbMcusAds:53 - JSON generation date=Thu Sep 30 15:55:09 JST 2021 (1632984909247)
2023-09-27 18:02:34,464 [FATAL] Updater:308 - Updater called before beeing initialized
2023-09-27 18:02:34,543 [WARN] DetailPanel:346 - Failed to get advertising image, set to default
2023-09-27 18:02:34,711 [FATAL] Updater:308 - Updater called before beeing initialized
2023-09-27 18:02:34,714 [FATAL] Updater:308 - Updater called before beeing initialized
2023-09-27 18:02:34,714 [FATAL] Updater:308 - Updater called before beeing initialized
2023-09-27 18:02:34,715 [WARN] DetailPanel:346 - Failed to get advertising image, set to default
2023-09-27 18:02:34,716 [FATAL] Updater:308 - Updater called before beeing initialized
2023-09-27 18:02:34,717 [INFO] ThirdPartyUpdaterWithRetryManager:70 - Updater plugin not ready yet. [2/15]
2023-09-27 18:02:34,825 [ERROR] Updater:1120 - MainUpdater not yet initialized. External WinMGr cannot be set.
2023-09-27 18:02:34,830 [INFO] Updater:1056 - Updater Version found : 6.9.0
2023-09-27 18:02:34,848 [INFO] ApplicationProperties:184 - Using Application install path: C:\ST\STM32CubeIDE_1.10.1\STM32CubeIDE\plugins\com.st.stm32cube.common.mx_6.9.0.202307051724
2023-09-27 18:02:35,266 [INFO] MainUpdater:2868 - connection check result : 10
2023-09-27 18:02:35,269 [INFO] MainUpdater:285 - Updater Check For Update Now.
2023-09-27 18:02:35,269 [INFO] MicroXplorer:498 - Change Database Version : DB.6.0.90
2023-09-27 18:02:35,282 [INFO] McuFinderGlobals:63 - Set McuFinder mode to 2 (CubeIDE integrated)
2023-09-27 18:02:35,282 [INFO] UserAuth:179 - activating auth plugin
2023-09-27 18:02:35,292 [INFO] UserAuth:393 - Internet connection configuration mode: 1
2023-09-27 18:02:35,336 [INFO] JxBrowserEngine:151 - Initiate JxBrowser Engine with user profile folder
2023-09-27 18:02:35,672 [INFO] CheckServerUpdateThread:120 - End of CheckServer Thread
2023-09-27 18:02:37,249 [INFO] WebApp:157 - Instantiating new browser for Auth
2023-09-27 18:02:38,235 [WARN] PackLoader:240 - Cannot read IP mode file for STMicroelectronics.X-CUBE-SMBUS.2.1.0
2023-09-27 18:02:38,344 [WARN] PackLoader:240 - Cannot read IP mode file for STMicroelectronics.X-CUBE-AZRTOS-F7.1.1.0
2023-09-27 18:02:38,367 [ERROR] RealEvaluatedCondition:428 - Found unsupported composite condition: CLASS='Data Exchange' GROUP='STM32_MetaDataManager'
2023-09-27 18:02:38,368 [ERROR] RealEvaluatedCondition:428 - Found unsupported composite condition: CLASS='Data Exchange' GROUP='STM32_MetaDataManager'
2023-09-27 18:02:38,370 [WARN] PackLoader:240 - Cannot read IP mode file for STMicroelectronics.FP-SNS-MOTENV1.4.3.0
2023-09-27 18:02:38,410 [WARN] PackLoader:240 - Cannot read IP mode file for STMicroelectronics.FP-SNS-MOTENV1.4.3.2
2023-09-27 18:02:38,424 [WARN] PackLoader:240 - Cannot read IP mode file for STMicroelectronics.FP-SNS-FLIGHT1.5.0.0
2023-09-27 18:02:38,433 [ERROR] RealEvaluatedCondition:428 - Found unsupported composite condition: CLASS='Data Exchange' GROUP='STM32_MetaDataManager'
2023-09-27 18:02:38,434 [ERROR] RealEvaluatedCondition:428 - Found unsupported composite condition: CLASS='Data Exchange' GROUP='STM32_MetaDataManager'
2023-09-27 18:02:38,437 [WARN] PackLoader:240 - Cannot read IP mode file for STMicroelectronics.FP-SNS-MOTENV1.4.3.1
2023-09-27 18:02:38,453 [WARN] PackLoader:240 - Cannot read IP mode file for STMicroelectronics.FP-SNS-FLIGHT1.5.0.1
2023-09-27 18:02:38,470 [WARN] PackLoader:240 - Cannot read IP mode file for STMicroelectronics.X-CUBE-BLE1.6.2.3
2023-09-27 18:02:38,481 [WARN] PackLoader:240 - Cannot read IP mode file for STMicroelectronics.X-CUBE-BLE1.6.2.4
2023-09-27 18:02:38,492 [WARN] PackLoader:240 - Cannot read IP mode file for STMicroelectronics.FP-SNS-FLIGHT1.5.0.2
2023-09-27 18:02:38,532 [WARN] PackLoader:240 - Cannot read IP mode file for STMicroelectronics.X-CUBE-TOF1.3.1.0
2023-09-27 18:02:38,563 [WARN] PackLoader:240 - Cannot read IP mode file for STMicroelectronics.X-CUBE-DISPLAY.3.0.0
2023-09-27 18:02:38,584 [WARN] PackLoader:240 - Cannot read IP mode file for STMicroelectronics.X-CUBE-BLE1.7.0.0
2023-09-27 18:02:38,594 [WARN] PackLoader:240 - Cannot read IP mode file for STMicroelectronics.X-CUBE-TOUCHGFX.4.22.0
2023-09-27 18:02:38,755 [WARN] PackLoader:240 - Cannot read IP mode file for STMicroelectronics.X-CUBE-MEMS1.9.3.0
2023-09-27 18:02:39,284 [WARN] PackLoader:240 - Cannot read IP mode file for STMicroelectronics.X-CUBE-AI.7.2.0
2023-09-27 18:02:39,316 [WARN] PackLoader:240 - Cannot read IP mode file for STMicroelectronics.FP-SNS-SMARTAG2.1.2.0
2023-09-27 18:02:39,393 [INFO] LogOutputStream:77 - [STDOUT_REDIRECT] 1 : Invalid condition id : UX_CORESTACK_Condition cause : null
2023-09-27 18:02:39,397 [INFO] LogOutputStream:77 - [STDOUT_REDIRECT] 1 : Invalid condition id : UX_CORESTACK_Condition cause : null
2023-09-27 18:02:39,403 [INFO] LogOutputStream:77 - [STDOUT_REDIRECT] 1 : Invalid condition id : UX_CORESTACK_Condition cause : null
2023-09-27 18:02:39,409 [INFO] LogOutputStream:77 - [STDOUT_REDIRECT] 1 : Invalid condition id : UX_CORESTACK_Condition cause : null
2023-09-27 18:02:39,412 [INFO] LogOutputStream:77 - [STDOUT_REDIRECT] 1 : Invalid condition id : UX_CORESTACK_Condition cause : null
2023-09-27 18:02:39,422 [WARN] PackLoader:240 - Cannot read IP mode file for STMicroelectronics.X-CUBE-AZRTOS-WL.2.0.0
2023-09-27 18:02:39,443 [WARN] PackLoader:240 - Cannot read IP mode file for WES.I-CUBE-Cesium.1.3.0
2023-09-27 18:02:39,455 [WARN] PackLoader:240 - Cannot read IP mode file for STMicroelectronics.X-CUBE-BLE2.3.3.0
2023-09-27 18:02:39,496 [WARN] PackLoader:240 - Cannot read IP mode file for STMicroelectronics.X-CUBE-DISPLAY.2.2.0
2023-09-27 18:02:39,536 [WARN] PackLoader:240 - Cannot read IP mode file for STMicroelectronics.X-CUBE-TOF1.3.2.0
2023-09-27 18:02:39,562 [WARN] PackLoader:240 - Cannot read IP mode file for STMicroelectronics.X-CUBE-ISPU.1.0.0
2023-09-27 18:02:39,670 [WARN] PackLoader:240 - Cannot read IP mode file for STMicroelectronics.X-CUBE-AZRTOS-H7.2.1.0
2023-09-27 18:02:39,687 [WARN] PackLoader:240 - Cannot read IP mode file for STMicroelectronics.X-CUBE-TOUCHGFX.4.21.1
2023-09-27 18:02:39,692 [WARN] PackLoader:240 - Cannot read IP mode file for STMicroelectronics.X-CUBE-TOUCHGFX.4.21.0
2023-09-27 18:02:39,698 [WARN] PackLoader:240 - Cannot read IP mode file for STMicroelectronics.X-CUBE-TOUCHGFX.4.21.4
2023-09-27 18:02:39,801 [WARN] PackLoader:240 - Cannot read IP mode file for STMicroelectronics.X-CUBE-MEMS1.9.4.0
2023-09-27 18:02:40,301 [WARN] PackLoader:240 - Cannot read IP mode file for STMicroelectronics.X-CUBE-AI.7.3.0
2023-09-27 18:02:40,317 [WARN] PackLoader:240 - Cannot read IP mode file for STMicroelectronics.X-CUBE-ALGOBUILD.1.3.0
2023-09-27 18:02:40,389 [WARN] PackLoader:240 - Cannot read IP mode file for STMicroelectronics.X-CUBE-AZRTOS-G0.1.1.0
2023-09-27 18:02:40,487 [WARN] PackLoader:240 - Cannot read IP mode file for STMicroelectronics.X-CUBE-NFC4.3.0.0
2023-09-27 18:02:40,588 [WARN] PackLoader:240 - Cannot read IP mode file for SEGGER.I-CUBE-embOS.1.2.0
2023-09-27 18:02:40,751 [WARN] PackLoader:240 - Cannot read IP mode file for STMicroelectronics.X-CUBE-BLEMGR.1.3.0
2023-09-27 18:02:40,765 [WARN] PackLoader:240 - Cannot read IP mode file for STMicroelectronics.FP-ATR-SIGFOX1.3.2.0
2023-09-27 18:02:40,765 [INFO] WebApp:753 - Register for checkConnection events
2023-09-27 18:02:40,765 [INFO] WebApp:390 - Apply proxy settings
2023-09-27 18:02:40,766 [INFO] WebApp:475 - Chromium requires no authentication
2023-09-27 18:02:40,780 [WARN] PackLoader:240 - Cannot read IP mode file for emotas.I-CUBE-CANOPEN.1.1.2
2023-09-27 18:02:40,786 [WARN] PackLoader:240 - Cannot read IP mode file for STMicroelectronics.X-CUBE-TOUCHGFX.4.20.0
2023-09-27 18:02:40,795 [INFO] WebApp:418 - Direct internet connection detected
2023-09-27 18:02:40,936 [WARN] PackLoader:240 - Cannot read IP mode file for STMicroelectronics.X-CUBE-MEMS1.9.5.0
2023-09-27 18:02:41,552 [INFO] WebApp:188 - Starting web application
2023-09-27 18:02:41,552 [INFO] WebApp:520 - Web application path used C:\ST\STM32CubeIDE_1.10.1\STM32CubeIDE\plugins\com.st.stm32cube.common.mx_6.9.0.202307051724\db\plugins\mcufinder\reactClient1\index.html
2023-09-27 18:02:41,564 [WARN] PackLoader:240 - Cannot read IP mode file for SEGGER.I-CUBE-embOS.1.3.1
2023-09-27 18:02:41,698 [WARN] PackLoader:240 - Cannot read IP mode file for STMicroelectronics.X-CUBE-GNSS1.6.0.0
2023-09-27 18:02:41,739 [WARN] PackLoader:240 - Cannot read IP mode file for STMicroelectronics.X-CUBE-AZRTOS-F4.1.1.0
2023-09-27 18:02:41,759 [WARN] PackLoader:240 - Cannot read IP mode file for STMicroelectronics.X-CUBE-BLEMGR.1.2.0
2023-09-27 18:02:41,829 [WARN] PackLoader:240 - Cannot read IP mode file for STMicroelectronics.X-CUBE-AZRTOS-L5.2.0.0
2023-09-27 18:02:41,979 [WARN] PackLoader:240 - Cannot read IP mode file for STMicroelectronics.X-CUBE-MEMS1.9.6.0
2023-09-27 18:02:42,653 [WARN] PackLoader:240 - Cannot read IP mode file for STMicroelectronics.X-CUBE-BLEMGR.2.0.0
2023-09-27 18:02:42,698 [WARN] PackLoader:240 - Cannot read IP mode file for STMicroelectronics.X-CUBE-NFC4.2.0.5
2023-09-27 18:02:42,713 [WARN] PackLoader:240 - Cannot read IP mode file for STMicroelectronics.X-CUBE-NFC4.2.0.4
2023-09-27 18:02:42,753 [WARN] ConditionMgr:438 - getConditionDescription Invalid condition id : UX DEVICE CLASS RTOS Condition cause : null
2023-09-27 18:02:42,754 [WARN] ConditionMgr:438 - getConditionDescription Invalid condition id : UX DEVICE CLASS RTOS Condition cause : null
2023-09-27 18:02:42,763 [WARN] PackLoader:240 - Cannot read IP mode file for STMicroelectronics.X-CUBE-AZRTOS-H7.3.1.0
2023-09-27 18:02:42,765 [WARN] ConditionMgr:1039 - genDependencies : Invalid condition id : UX DEVICE CLASS RTOS Condition cause : null
2023-09-27 18:02:42,765 [WARN] ConditionMgr:1039 - genDependencies : Invalid condition id : UX DEVICE CLASS RTOS Condition cause : null
2023-09-27 18:02:42,768 [WARN] ConditionMgr:1039 - genDependencies : Invalid condition id : UX DEVICE CLASS RTOS Condition cause : null
2023-09-27 18:02:42,770 [WARN] ConditionMgr:1039 - genDependencies : Invalid condition id : UX DEVICE CLASS RTOS Condition cause : null
2023-09-27 18:02:42,770 [WARN] ConditionMgr:1039 - genDependencies : Invalid condition id : UX DEVICE CLASS RTOS Condition cause : null
2023-09-27 18:02:42,783 [WARN] PackLoader:240 - Cannot read IP mode file for wolfSSL.I-CUBE-wolfSSL.5.5.0
2023-09-27 18:02:42,794 [WARN] PackLoader:240 - Cannot read IP mode file for STMicroelectronics.X-CUBE-NFC7.1.0.1
2023-09-27 18:02:42,808 [WARN] PackLoader:240 - Cannot read IP mode file for STMicroelectronics.X-CUBE-NFC7.1.0.0
2023-09-27 18:02:42,852 [WARN] PackLoader:240 - Cannot read IP mode file for STMicroelectronics.X-CUBE-NFC6.3.0.0
2023-09-27 18:02:42,874 [WARN] PackLoader:240 - Cannot read IP mode file for STMicroelectronics.X-CUBE-EEPRMA1.4.1.0
2023-09-27 18:02:42,887 [WARN] PackLoader:240 - Cannot read IP mode file for STMicroelectronics.X-CUBE-AI.8.1.0
2023-09-27 18:02:42,928 [WARN] ConditionMgr:438 - getConditionDescription Invalid condition id : LAN8742 Phy interface Condition cause : null
2023-09-27 18:02:42,929 [WARN] PackLoader:240 - Cannot read IP mode file for STMicroelectronics.X-CUBE-AZRTOS-L4.2.0.0
2023-09-27 18:02:42,931 [WARN] ConditionMgr:1039 - genDependencies : Invalid condition id : LAN8742 Phy interface Condition cause : null
2023-09-27 18:02:42,932 [WARN] ConditionMgr:1039 - genDependencies : Invalid condition id : LAN8742 Phy interface Condition cause : null
2023-09-27 18:02:42,933 [WARN] ConditionMgr:1039 - genDependencies : Invalid condition id : LAN8742 Phy interface Condition cause : null
2023-09-27 18:02:42,961 [WARN] PackLoader:240 - Cannot read IP mode file for STMicroelectronics.X-CUBE-SFXS2LP1.4.0.0
2023-09-27 18:02:43,014 [WARN] PackLoader:240 - Cannot read IP mode file for STMicroelectronics.X-CUBE-AZRTOS-H7.3.0.0
2023-09-27 18:02:43,042 [WARN] PackLoader:240 - Cannot read IP mode file for STMicroelectronics.X-CUBE-ISPU.1.1.0
2023-09-27 18:02:43,113 [WARN] PackLoader:240 - Cannot read IP mode file for RoweBots.I-CUBE-UNISONRTOS.5.5.0-4
2023-09-27 18:02:43,120 [WARN] PackLoader:240 - Cannot read IP mode file for STMicroelectronics.X-CUBE-AI.8.0.0
2023-09-27 18:02:43,171 [WARN] ConditionMgr:438 - getConditionDescription Invalid condition id : UX DEVICE CLASS RTOS Condition cause : null
2023-09-27 18:02:43,171 [WARN] ConditionMgr:438 - getConditionDescription Invalid condition id : UX DEVICE CLASS RTOS Condition cause : null
2023-09-27 18:02:43,176 [WARN] PackLoader:240 - Cannot read IP mode file for STMicroelectronics.X-CUBE-AZRTOS-WB.2.0.0
2023-09-27 18:02:43,177 [WARN] ConditionMgr:1039 - genDependencies : Invalid condition id : UX DEVICE CLASS RTOS Condition cause : null
2023-09-27 18:02:43,178 [WARN] ConditionMgr:1039 - genDependencies : Invalid condition id : UX DEVICE CLASS RTOS Condition cause : null
2023-09-27 18:02:43,179 [WARN] ConditionMgr:1039 - genDependencies : Invalid condition id : UX DEVICE CLASS RTOS Condition cause : null
2023-09-27 18:02:43,179 [WARN] ConditionMgr:1039 - genDependencies : Invalid condition id : UX DEVICE CLASS RTOS Condition cause : null
2023-09-27 18:02:43,179 [WARN] ConditionMgr:1039 - genDependencies : Invalid condition id : UX DEVICE CLASS RTOS Condition cause : null
2023-09-27 18:02:43,190 [WARN] PackLoader:240 - Cannot read IP mode file for STMicroelectronics.X-CUBE-FREERTOS.1.0.1
2023-09-27 18:02:43,203 [WARN] PackLoader:240 - Cannot read IP mode file for STMicroelectronics.X-CUBE-BLEMGR.1.0.0
2023-09-27 18:02:43,236 [WARN] PackLoader:240 - Cannot read IP mode file for STMicroelectronics.X-CUBE-AZRTOS-L5.1.1.0
2023-09-27 18:02:43,250 [WARN] PackLoader:240 - Cannot read IP mode file for STMicroelectronics.X-CUBE-AI.8.0.1
2023-09-27 18:02:43,286 [WARN] PackLoader:240 - Cannot read IP mode file for STMicroelectronics.X-CUBE-SUBG2.5.0.0
2023-09-27 18:02:43,315 [WARN] PackLoader:240 - Cannot read IP mode file for STMicroelectronics.X-CUBE-TOF1.3.3.1
2023-09-27 18:02:43,366 [WARN] PackLoader:240 - Cannot read IP mode file for STMicroelectronics.X-CUBE-AZRTOS-G4.2.0.0
2023-09-27 18:02:43,396 [WARN] PackLoader:240 - Cannot read IP mode file for STMicroelectronics.X-CUBE-TOF1.3.3.0
2023-09-27 18:02:43,420 [WARN] PackLoader:240 - Cannot read IP mode file for STMicroelectronics.FP-ATR-ASTRA1.1.1.1
2023-09-27 18:02:43,447 [WARN] PackLoader:240 - Cannot read IP mode file for STMicroelectronics.X-CUBE-AZRTOS-G4.1.0.0
2023-09-27 18:02:43,487 [WARN] PackLoader:240 - Cannot read IP mode file for STMicroelectronics.X-CUBE-AZRTOS-L4.1.0.0
2023-09-27 18:02:43,503 [WARN] PackLoader:240 - Cannot read IP mode file for STMicroelectronics.X-CUBE-FREERTOS.1.1.0
2023-09-27 18:02:43,525 [WARN] PackLoader:240 - Cannot read IP mode file for STMicroelectronics.X-CUBE-AZRTOS-WL.1.0.0
2023-09-27 18:02:43,538 [WARN] PackLoader:240 - Cannot read IP mode file for portGmbH.I-Cube-SoM-uGOAL.1.1.0
2023-09-27 18:02:43,547 [WARN] PackLoader:240 - Cannot read IP mode file for STMicroelectronics.X-CUBE-ALS.1.0.1
2023-09-27 18:02:43,574 [WARN] PackLoader:240 - Cannot read IP mode file for STMicroelectronics.X-CUBE-AZRTOS-WB.1.1.0
2023-09-27 18:02:43,609 [WARN] PackLoader:240 - Cannot read IP mode file for STMicroelectronics.X-CUBE-AZRTOS-L5.1.0.0
2023-09-27 18:02:43,622 [WARN] PackLoader:240 - Cannot read IP mode file for STMicroelectronics.X-CUBE-EEPRMA1.3.1.1
2023-09-27 18:02:43,629 [WARN] PackLoader:240 - Cannot read IP mode file for STMicroelectronics.FP-ATR-ASTRA1.2.0.0
2023-09-27 18:02:43,631 [INFO] ThirdParty:978 - Integrity check success = true
2023-09-27 18:02:43,631 [INFO] IntegrityCheckThread:100 - exiting critical section [integrity check]
2023-09-27 18:02:43,632 [INFO] IntegrityCheckThread:103 - End integrity checks thread
2023-09-27 18:03:04,441 [ERROR] LogOutputStream:75 - [STDERR_REDIRECT] SLF4J: Failed to load class "org.slf4j.impl.StaticLoggerBinder".
2023-09-27 18:03:04,442 [ERROR] LogOutputStream:75 - [STDERR_REDIRECT] SLF4J: Defaulting to no-operation (NOP) logger implementation
2023-09-27 18:03:04,446 [ERROR] LogOutputStream:75 - [STDERR_REDIRECT] SLF4J: See http://www.slf4j.org/codes.html#StaticLoggerBinder for further details.
2023-09-27 18:05:29,133 [INFO] Activator:176 - 


2023-09-27 18:05:29,139 [INFO] Activator:177 - !SESSION log4j initialized
2023-09-27 18:05:37,731 [INFO] LogOutputStream:77 - [STDOUT_REDIRECT] 
